2025-10-25 22:44:29,278 INFO: The logger is configured. Logging level: INFO [in z:\Work Files\Programming\adverstising2\logger_config.py:26]
2025-10-25 22:47:52,649 INFO: The logger is configured. Logging level: INFO [in z:\Work Files\Programming\adverstising2\logger_config.py:26]
2025-10-25 22:47:55,847 INFO: The logger is configured. Logging level: INFO [in z:\Work Files\Programming\adverstising2\logger_config.py:26]
2025-10-25 22:47:59,110 INFO: The logger is configured. Logging level: INFO [in z:\Work Files\Programming\adverstising2\logger_config.py:26]
2025-10-25 22:48:02,885 INFO: The logger is configured. Logging level: INFO [in z:\Work Files\Programming\adverstising2\logger_config.py:26]
2025-10-25 22:59:43,133 INFO: The logger is configured. Logging level: INFO [in z:\Work Files\Programming\adverstising2\logger_config.py:26]
2025-10-25 22:59:43,186 INFO: Start creating customer [in z:\Work Files\Programming\adverstising2\app.py:47]
2025-10-25 22:59:43,190 WARNING: Attempt to create a client with an existing phone number in the database. Phone number: 79001234567 [in z:\Work Files\Programming\adverstising2\app.py:79]
2025-10-25 22:59:43,276 INFO: Start creating customer [in z:\Work Files\Programming\adverstising2\app.py:47]
2025-10-25 22:59:43,276 WARNING: Attempt to create a customer with an empty name field. [in z:\Work Files\Programming\adverstising2\app.py:51]
2025-10-25 22:59:43,303 INFO: Start creating customer [in z:\Work Files\Programming\adverstising2\app.py:47]
2025-10-25 22:59:43,303 WARNING: Attempt to create a customer with an empty phone number field. [in z:\Work Files\Programming\adverstising2\app.py:57]
2025-10-25 22:59:43,328 INFO: Start creating customer [in z:\Work Files\Programming\adverstising2\app.py:47]
2025-10-25 22:59:43,329 WARNING: Attempt to create a client with an invalid date of birth. Message: Дата рождения не может быть в будущем [in z:\Work Files\Programming\adverstising2\app.py:71]
2025-10-25 22:59:43,354 INFO: Start creating customer [in z:\Work Files\Programming\adverstising2\app.py:47]
2025-10-25 22:59:43,354 WARNING: Attempt to create a client with an invalid phone number format. [in z:\Work Files\Programming\adverstising2\app.py:63]
2025-10-25 22:59:43,380 INFO: Start creating customer [in z:\Work Files\Programming\adverstising2\app.py:47]
2025-10-25 22:59:43,387 INFO: Service successfully created. ID: 1 [in z:\Work Files\Programming\adverstising2\app.py:98]
2025-10-25 22:59:43,429 INFO: Service successfully deleted. ID: 1. [in z:\Work Files\Programming\adverstising2\app.py:214]
2025-10-25 22:59:43,431 INFO: The page with the list of all clients has been loaded [in z:\Work Files\Programming\adverstising2\app.py:232]
2025-10-25 22:59:43,542 INFO: The new customer creation page has loaded [in z:\Work Files\Programming\adverstising2\app.py:112]
2025-10-25 22:59:43,573 INFO: Customer edit page loaded [in z:\Work Files\Programming\adverstising2\app.py:192]
2025-10-25 22:59:43,611 INFO: Health check - Logging is available. [in z:\Work Files\Programming\adverstising2\health_check_config.py:19]
2025-10-25 22:59:43,641 INFO: Start editing customer. ID: 1. [in z:\Work Files\Programming\adverstising2\app.py:128]
2025-10-25 22:59:43,642 WARNING: Attempt to send a customer with an existing phone number in the database. Phone number: 79007654321 [in z:\Work Files\Programming\adverstising2\app.py:163]
2025-10-25 22:59:43,741 INFO: Start editing customer. ID: 1. [in z:\Work Files\Programming\adverstising2\app.py:128]
2025-10-25 22:59:43,747 INFO: Customer successfully updated. ID: 1. [in z:\Work Files\Programming\adverstising2\app.py:179]
2025-10-25 23:12:31,954 INFO: The logger is configured. Logging level: INFO [in z:\Work Files\Programming\adverstising2\logger_config.py:26]
2025-10-25 23:12:32,015 INFO: Start creating customer [in z:\Work Files\Programming\adverstising2\app.py:47]
2025-10-25 23:12:32,018 WARNING: Attempt to create a client with an existing phone number in the database. Phone number: 79001234567 [in z:\Work Files\Programming\adverstising2\app.py:79]
2025-10-25 23:12:32,054 INFO: Start creating customer [in z:\Work Files\Programming\adverstising2\app.py:47]
2025-10-25 23:12:32,054 WARNING: Attempt to create a customer with an empty name field. [in z:\Work Files\Programming\adverstising2\app.py:51]
2025-10-25 23:12:32,079 INFO: Start creating customer [in z:\Work Files\Programming\adverstising2\app.py:47]
2025-10-25 23:12:32,080 WARNING: Attempt to create a customer with an empty phone number field. [in z:\Work Files\Programming\adverstising2\app.py:57]
2025-10-25 23:12:32,105 INFO: Start creating customer [in z:\Work Files\Programming\adverstising2\app.py:47]
2025-10-25 23:12:32,105 WARNING: Attempt to create a client with an invalid date of birth. Message: Дата рождения не может быть в будущем [in z:\Work Files\Programming\adverstising2\app.py:71]
2025-10-25 23:12:32,131 INFO: Start creating customer [in z:\Work Files\Programming\adverstising2\app.py:47]
2025-10-25 23:12:32,131 WARNING: Attempt to create a client with an invalid phone number format. [in z:\Work Files\Programming\adverstising2\app.py:63]
2025-10-25 23:12:32,157 INFO: Start creating customer [in z:\Work Files\Programming\adverstising2\app.py:47]
2025-10-25 23:12:32,164 INFO: Service successfully created. ID: 1 [in z:\Work Files\Programming\adverstising2\app.py:98]
2025-10-25 23:12:32,206 INFO: Service successfully deleted. ID: 1. [in z:\Work Files\Programming\adverstising2\app.py:214]
2025-10-25 23:12:32,208 INFO: The page with the list of all clients has been loaded [in z:\Work Files\Programming\adverstising2\app.py:232]
2025-10-25 23:12:32,267 INFO: Health check - Logging is available. [in z:\Work Files\Programming\adverstising2\health_check_config.py:19]
2025-10-25 23:12:32,299 INFO: Start editing customer. ID: 1. [in z:\Work Files\Programming\adverstising2\app.py:128]
2025-10-25 23:12:32,300 WARNING: Attempt to send a customer with an existing phone number in the database. Phone number: 79007654321 [in z:\Work Files\Programming\adverstising2\app.py:163]
2025-10-25 23:12:32,338 INFO: Start editing customer. ID: 1. [in z:\Work Files\Programming\adverstising2\app.py:128]
2025-10-25 23:12:32,343 INFO: Customer successfully updated. ID: 1. [in z:\Work Files\Programming\adverstising2\app.py:179]
2025-10-25 23:12:35,976 INFO: The logger is configured. Logging level: INFO [in z:\Work Files\Programming\adverstising2\logger_config.py:26]
2025-10-25 23:12:36,038 INFO: Start creating customer [in z:\Work Files\Programming\adverstising2\app.py:47]
2025-10-25 23:12:36,041 WARNING: Attempt to create a client with an existing phone number in the database. Phone number: 79001234567 [in z:\Work Files\Programming\adverstising2\app.py:79]
2025-10-25 23:12:36,075 INFO: Start creating customer [in z:\Work Files\Programming\adverstising2\app.py:47]
2025-10-25 23:12:36,076 WARNING: Attempt to create a customer with an empty name field. [in z:\Work Files\Programming\adverstising2\app.py:51]
2025-10-25 23:12:36,101 INFO: Start creating customer [in z:\Work Files\Programming\adverstising2\app.py:47]
2025-10-25 23:12:36,101 WARNING: Attempt to create a customer with an empty phone number field. [in z:\Work Files\Programming\adverstising2\app.py:57]
2025-10-25 23:12:36,126 INFO: Start creating customer [in z:\Work Files\Programming\adverstising2\app.py:47]
2025-10-25 23:12:36,127 WARNING: Attempt to create a client with an invalid date of birth. Message: Дата рождения не может быть в будущем [in z:\Work Files\Programming\adverstising2\app.py:71]
2025-10-25 23:12:36,151 INFO: Start creating customer [in z:\Work Files\Programming\adverstising2\app.py:47]
2025-10-25 23:12:36,151 WARNING: Attempt to create a client with an invalid phone number format. [in z:\Work Files\Programming\adverstising2\app.py:63]
2025-10-25 23:12:36,176 INFO: Start creating customer [in z:\Work Files\Programming\adverstising2\app.py:47]
2025-10-25 23:12:36,183 INFO: Service successfully created. ID: 1 [in z:\Work Files\Programming\adverstising2\app.py:98]
2025-10-25 23:12:36,224 INFO: Service successfully deleted. ID: 1. [in z:\Work Files\Programming\adverstising2\app.py:214]
2025-10-25 23:12:36,226 INFO: The page with the list of all clients has been loaded [in z:\Work Files\Programming\adverstising2\app.py:232]
2025-10-25 23:12:36,286 INFO: Health check - Logging is available. [in z:\Work Files\Programming\adverstising2\health_check_config.py:19]
2025-10-25 23:12:36,317 INFO: Start editing customer. ID: 1. [in z:\Work Files\Programming\adverstising2\app.py:128]
2025-10-25 23:12:36,318 WARNING: Attempt to send a customer with an existing phone number in the database. Phone number: 79007654321 [in z:\Work Files\Programming\adverstising2\app.py:163]
2025-10-25 23:12:36,356 INFO: Start editing customer. ID: 1. [in z:\Work Files\Programming\adverstising2\app.py:128]
2025-10-25 23:12:36,361 INFO: Customer successfully updated. ID: 1. [in z:\Work Files\Programming\adverstising2\app.py:179]
2025-10-25 23:13:36,757 INFO: The logger is configured. Logging level: INFO [in z:\Work Files\Programming\adverstising2\logger_config.py:26]
2025-10-25 23:13:36,816 INFO: Start creating customer [in z:\Work Files\Programming\adverstising2\app.py:47]
2025-10-25 23:13:36,819 WARNING: Attempt to create a client with an existing phone number in the database. Phone number: 79001234567 [in z:\Work Files\Programming\adverstising2\app.py:79]
2025-10-25 23:13:36,854 INFO: Start creating customer [in z:\Work Files\Programming\adverstising2\app.py:47]
2025-10-25 23:13:36,855 WARNING: Attempt to create a customer with an empty name field. [in z:\Work Files\Programming\adverstising2\app.py:51]
2025-10-25 23:13:36,881 INFO: Start creating customer [in z:\Work Files\Programming\adverstising2\app.py:47]
2025-10-25 23:13:36,881 WARNING: Attempt to create a customer with an empty phone number field. [in z:\Work Files\Programming\adverstising2\app.py:57]
2025-10-25 23:13:36,906 INFO: Start creating customer [in z:\Work Files\Programming\adverstising2\app.py:47]
2025-10-25 23:13:36,907 WARNING: Attempt to create a client with an invalid date of birth. Message: Дата рождения не может быть в будущем [in z:\Work Files\Programming\adverstising2\app.py:71]
2025-10-25 23:13:36,931 INFO: Start creating customer [in z:\Work Files\Programming\adverstising2\app.py:47]
2025-10-25 23:13:36,932 WARNING: Attempt to create a client with an invalid phone number format. [in z:\Work Files\Programming\adverstising2\app.py:63]
2025-10-25 23:13:36,957 INFO: Start creating customer [in z:\Work Files\Programming\adverstising2\app.py:47]
2025-10-25 23:13:36,965 INFO: Service successfully created. ID: 1 [in z:\Work Files\Programming\adverstising2\app.py:98]
2025-10-25 23:13:37,005 INFO: Service successfully deleted. ID: 1. [in z:\Work Files\Programming\adverstising2\app.py:214]
2025-10-25 23:13:37,007 INFO: The page with the list of all clients has been loaded [in z:\Work Files\Programming\adverstising2\app.py:232]
2025-10-25 23:13:37,046 WARNING: Attempt to delete a customer associated with an order(s). ID: 1, Number of orders: 1. [in z:\Work Files\Programming\adverstising2\app.py:205]
2025-10-25 23:13:37,048 INFO: The page with the list of all clients has been loaded [in z:\Work Files\Programming\adverstising2\app.py:232]
2025-10-25 23:13:37,074 INFO: Health check - Logging is available. [in z:\Work Files\Programming\adverstising2\health_check_config.py:19]
2025-10-25 23:13:37,104 INFO: Start editing customer. ID: 1. [in z:\Work Files\Programming\adverstising2\app.py:128]
2025-10-25 23:13:37,106 WARNING: Attempt to send a customer with an existing phone number in the database. Phone number: 79007654321 [in z:\Work Files\Programming\adverstising2\app.py:163]
2025-10-25 23:13:37,143 INFO: Start editing customer. ID: 1. [in z:\Work Files\Programming\adverstising2\app.py:128]
2025-10-25 23:13:37,149 INFO: Customer successfully updated. ID: 1. [in z:\Work Files\Programming\adverstising2\app.py:179]
2025-10-25 23:13:40,615 INFO: The logger is configured. Logging level: INFO [in z:\Work Files\Programming\adverstising2\logger_config.py:26]
2025-10-25 23:13:40,671 INFO: Start creating customer [in z:\Work Files\Programming\adverstising2\app.py:47]
2025-10-25 23:13:40,674 WARNING: Attempt to create a client with an existing phone number in the database. Phone number: 79001234567 [in z:\Work Files\Programming\adverstising2\app.py:79]
2025-10-25 23:13:40,707 INFO: Start creating customer [in z:\Work Files\Programming\adverstising2\app.py:47]
2025-10-25 23:13:40,708 WARNING: Attempt to create a customer with an empty name field. [in z:\Work Files\Programming\adverstising2\app.py:51]
2025-10-25 23:13:40,733 INFO: Start creating customer [in z:\Work Files\Programming\adverstising2\app.py:47]
2025-10-25 23:13:40,733 WARNING: Attempt to create a customer with an empty phone number field. [in z:\Work Files\Programming\adverstising2\app.py:57]
2025-10-25 23:13:40,758 INFO: Start creating customer [in z:\Work Files\Programming\adverstising2\app.py:47]
2025-10-25 23:13:40,759 WARNING: Attempt to create a client with an invalid date of birth. Message: Дата рождения не может быть в будущем [in z:\Work Files\Programming\adverstising2\app.py:71]
2025-10-25 23:13:40,783 INFO: Start creating customer [in z:\Work Files\Programming\adverstising2\app.py:47]
2025-10-25 23:13:40,783 WARNING: Attempt to create a client with an invalid phone number format. [in z:\Work Files\Programming\adverstising2\app.py:63]
2025-10-25 23:13:40,808 INFO: Start creating customer [in z:\Work Files\Programming\adverstising2\app.py:47]
2025-10-25 23:13:40,815 INFO: Service successfully created. ID: 1 [in z:\Work Files\Programming\adverstising2\app.py:98]
2025-10-25 23:13:40,856 INFO: Service successfully deleted. ID: 1. [in z:\Work Files\Programming\adverstising2\app.py:214]
2025-10-25 23:13:40,858 INFO: The page with the list of all clients has been loaded [in z:\Work Files\Programming\adverstising2\app.py:232]
2025-10-25 23:13:40,896 WARNING: Attempt to delete a customer associated with an order(s). ID: 1, Number of orders: 1. [in z:\Work Files\Programming\adverstising2\app.py:205]
2025-10-25 23:13:40,898 INFO: The page with the list of all clients has been loaded [in z:\Work Files\Programming\adverstising2\app.py:232]
2025-10-25 23:13:40,924 INFO: Health check - Logging is available. [in z:\Work Files\Programming\adverstising2\health_check_config.py:19]
2025-10-25 23:13:40,954 INFO: Start editing customer. ID: 1. [in z:\Work Files\Programming\adverstising2\app.py:128]
2025-10-25 23:13:40,955 WARNING: Attempt to send a customer with an existing phone number in the database. Phone number: 79007654321 [in z:\Work Files\Programming\adverstising2\app.py:163]
2025-10-25 23:13:40,992 INFO: Start editing customer. ID: 1. [in z:\Work Files\Programming\adverstising2\app.py:128]
2025-10-25 23:13:40,997 INFO: Customer successfully updated. ID: 1. [in z:\Work Files\Programming\adverstising2\app.py:179]
2025-10-25 23:22:30,430 INFO: The logger is configured. Logging level: INFO [in z:\Work Files\Programming\adverstising2\logger_config.py:26]
2025-10-25 23:22:30,474 INFO: Start creating customer [in z:\Work Files\Programming\adverstising2\app.py:47]
2025-10-25 23:22:30,474 WARNING: Attempt to create a customer with an empty name field. [in z:\Work Files\Programming\adverstising2\app.py:51]
2025-10-25 23:22:30,508 INFO: Start creating customer [in z:\Work Files\Programming\adverstising2\app.py:47]
2025-10-25 23:22:30,508 WARNING: Attempt to create a customer with an empty phone number field. [in z:\Work Files\Programming\adverstising2\app.py:57]
2025-10-25 23:22:30,555 INFO: Start creating customer [in z:\Work Files\Programming\adverstising2\app.py:47]
2025-10-25 23:22:30,559 WARNING: Attempt to create a client with an existing phone number in the database. Phone number: 79001234567 [in z:\Work Files\Programming\adverstising2\app.py:79]
2025-10-25 23:22:30,585 INFO: Start creating customer [in z:\Work Files\Programming\adverstising2\app.py:47]
2025-10-25 23:22:30,585 WARNING: Attempt to create a client with an invalid date of birth. Message: Дата рождения не может быть в будущем [in z:\Work Files\Programming\adverstising2\app.py:71]
2025-10-25 23:22:30,611 INFO: Start creating customer [in z:\Work Files\Programming\adverstising2\app.py:47]
2025-10-25 23:22:30,611 WARNING: Attempt to create a client with an invalid phone number format. [in z:\Work Files\Programming\adverstising2\app.py:63]
2025-10-25 23:22:30,636 INFO: Start creating customer [in z:\Work Files\Programming\adverstising2\app.py:47]
2025-10-25 23:22:30,642 INFO: Service successfully created. ID: 1 [in z:\Work Files\Programming\adverstising2\app.py:98]
2025-10-25 23:22:30,683 INFO: Service successfully deleted. ID: 1. [in z:\Work Files\Programming\adverstising2\app.py:214]
2025-10-25 23:22:30,685 INFO: The page with the list of all clients has been loaded [in z:\Work Files\Programming\adverstising2\app.py:232]
2025-10-25 23:22:30,725 WARNING: Attempt to delete a customer associated with an order(s). ID: 1, Number of orders: 1. [in z:\Work Files\Programming\adverstising2\app.py:205]
2025-10-25 23:22:30,726 INFO: The page with the list of all clients has been loaded [in z:\Work Files\Programming\adverstising2\app.py:232]
2025-10-25 23:22:30,752 INFO: Health check - Logging is available. [in z:\Work Files\Programming\adverstising2\health_check_config.py:19]
2025-10-25 23:22:30,782 INFO: Start editing customer. ID: 1. [in z:\Work Files\Programming\adverstising2\app.py:128]
2025-10-25 23:22:30,784 WARNING: Attempt to send a customer with an existing phone number in the database. Phone number: 79007654321 [in z:\Work Files\Programming\adverstising2\app.py:163]
2025-10-25 23:22:30,821 INFO: Start editing customer. ID: 1. [in z:\Work Files\Programming\adverstising2\app.py:128]
2025-10-25 23:22:30,826 INFO: Customer successfully updated. ID: 1. [in z:\Work Files\Programming\adverstising2\app.py:179]
2025-10-25 23:26:20,600 INFO: The logger is configured. Logging level: INFO [in z:\Work Files\Programming\adverstising2\logger_config.py:26]
2025-10-25 23:26:20,642 INFO: Start creating customer [in z:\Work Files\Programming\adverstising2\app.py:47]
2025-10-25 23:26:20,642 WARNING: Attempt to create a customer with an empty name field. [in z:\Work Files\Programming\adverstising2\app.py:51]
2025-10-25 23:26:20,678 INFO: Start creating customer [in z:\Work Files\Programming\adverstising2\app.py:47]
2025-10-25 23:26:20,678 WARNING: Attempt to create a customer with an empty phone number field. [in z:\Work Files\Programming\adverstising2\app.py:57]
2025-10-25 23:26:20,717 INFO: Start creating customer [in z:\Work Files\Programming\adverstising2\app.py:47]
2025-10-25 23:26:20,720 WARNING: Attempt to create a client with an existing phone number in the database. Phone number: 79001234567 [in z:\Work Files\Programming\adverstising2\app.py:79]
2025-10-25 23:26:20,745 INFO: Start creating customer [in z:\Work Files\Programming\adverstising2\app.py:47]
2025-10-25 23:26:20,746 WARNING: Attempt to create a client with an invalid date of birth. Message: Дата рождения не может быть в будущем [in z:\Work Files\Programming\adverstising2\app.py:71]
2025-10-25 23:26:20,771 INFO: Start creating customer [in z:\Work Files\Programming\adverstising2\app.py:47]
2025-10-25 23:26:20,771 WARNING: Attempt to create a client with an invalid phone number format. [in z:\Work Files\Programming\adverstising2\app.py:63]
2025-10-25 23:26:20,796 INFO: Start creating customer [in z:\Work Files\Programming\adverstising2\app.py:47]
2025-10-25 23:26:20,803 INFO: Service successfully created. ID: 1 [in z:\Work Files\Programming\adverstising2\app.py:98]
2025-10-25 23:26:20,843 INFO: Service successfully deleted. ID: 1. [in z:\Work Files\Programming\adverstising2\app.py:214]
2025-10-25 23:26:20,846 INFO: The page with the list of all clients has been loaded [in z:\Work Files\Programming\adverstising2\app.py:232]
2025-10-25 23:26:20,885 WARNING: Attempt to delete a customer associated with an order(s). ID: 1, Number of orders: 1. [in z:\Work Files\Programming\adverstising2\app.py:205]
2025-10-25 23:26:20,886 INFO: The page with the list of all clients has been loaded [in z:\Work Files\Programming\adverstising2\app.py:232]
2025-10-25 23:26:20,912 INFO: Health check - Logging is available. [in z:\Work Files\Programming\adverstising2\health_check_config.py:19]
2025-10-25 23:26:20,943 INFO: Start editing customer. ID: 1. [in z:\Work Files\Programming\adverstising2\app.py:128]
2025-10-25 23:26:20,944 WARNING: Attempt to send a customer with an existing phone number in the database. Phone number: 79007654321 [in z:\Work Files\Programming\adverstising2\app.py:163]
2025-10-25 23:26:20,983 INFO: Start editing customer. ID: 1. [in z:\Work Files\Programming\adverstising2\app.py:128]
2025-10-25 23:26:20,989 INFO: Customer successfully updated. ID: 1. [in z:\Work Files\Programming\adverstising2\app.py:179]
2025-10-25 23:31:00,203 INFO: The logger is configured. Logging level: INFO [in z:\Work Files\Programming\adverstising2\logger_config.py:26]
2025-10-25 23:31:00,246 INFO: Start creating customer [in z:\Work Files\Programming\adverstising2\app.py:47]
2025-10-25 23:31:00,246 WARNING: Attempt to create a customer with an empty name field. [in z:\Work Files\Programming\adverstising2\app.py:51]
2025-10-25 23:31:00,280 INFO: Start creating customer [in z:\Work Files\Programming\adverstising2\app.py:47]
2025-10-25 23:31:00,280 WARNING: Attempt to create a customer with an empty phone number field. [in z:\Work Files\Programming\adverstising2\app.py:57]
2025-10-25 23:31:00,319 INFO: Start creating customer [in z:\Work Files\Programming\adverstising2\app.py:47]
2025-10-25 23:31:00,323 WARNING: Attempt to create a client with an existing phone number in the database. Phone number: 79001234567 [in z:\Work Files\Programming\adverstising2\app.py:79]
2025-10-25 23:31:00,348 INFO: Start creating customer [in z:\Work Files\Programming\adverstising2\app.py:47]
2025-10-25 23:31:00,349 WARNING: Attempt to create a client with an invalid date of birth. Message: Дата рождения не может быть в будущем [in z:\Work Files\Programming\adverstising2\app.py:71]
2025-10-25 23:31:00,374 INFO: Start creating customer [in z:\Work Files\Programming\adverstising2\app.py:47]
2025-10-25 23:31:00,374 WARNING: Attempt to create a client with an invalid phone number format. [in z:\Work Files\Programming\adverstising2\app.py:63]
2025-10-25 23:31:00,399 INFO: Start creating customer [in z:\Work Files\Programming\adverstising2\app.py:47]
2025-10-25 23:31:00,405 INFO: Service successfully created. ID: 1 [in z:\Work Files\Programming\adverstising2\app.py:98]
2025-10-25 23:31:00,446 INFO: Service successfully deleted. ID: 1. [in z:\Work Files\Programming\adverstising2\app.py:214]
2025-10-25 23:31:00,448 INFO: The page with the list of all clients has been loaded [in z:\Work Files\Programming\adverstising2\app.py:232]
2025-10-25 23:31:00,487 WARNING: Attempt to delete a customer associated with an order(s). ID: 1, Number of orders: 1. [in z:\Work Files\Programming\adverstising2\app.py:205]
2025-10-25 23:31:00,489 INFO: The page with the list of all clients has been loaded [in z:\Work Files\Programming\adverstising2\app.py:232]
2025-10-25 23:31:00,515 INFO: Health check - Logging is available. [in z:\Work Files\Programming\adverstising2\health_check_config.py:19]
2025-10-25 23:31:00,546 INFO: Start editing customer. ID: 1. [in z:\Work Files\Programming\adverstising2\app.py:128]
2025-10-25 23:31:00,547 WARNING: Attempt to send a customer with an existing phone number in the database. Phone number: 79007654321 [in z:\Work Files\Programming\adverstising2\app.py:163]
2025-10-25 23:31:00,585 INFO: Start editing customer. ID: 1. [in z:\Work Files\Programming\adverstising2\app.py:128]
2025-10-25 23:31:00,590 INFO: Customer successfully updated. ID: 1. [in z:\Work Files\Programming\adverstising2\app.py:179]
2025-10-25 23:31:10,674 INFO: The logger is configured. Logging level: INFO [in z:\Work Files\Programming\adverstising2\logger_config.py:26]
2025-10-25 23:31:10,715 INFO: Start creating customer [in z:\Work Files\Programming\adverstising2\app.py:47]
2025-10-25 23:31:10,715 WARNING: Attempt to create a customer with an empty name field. [in z:\Work Files\Programming\adverstising2\app.py:51]
2025-10-25 23:31:10,750 INFO: Start creating customer [in z:\Work Files\Programming\adverstising2\app.py:47]
2025-10-25 23:31:10,750 WARNING: Attempt to create a customer with an empty phone number field. [in z:\Work Files\Programming\adverstising2\app.py:57]
2025-10-25 23:31:10,788 INFO: Start creating customer [in z:\Work Files\Programming\adverstising2\app.py:47]
2025-10-25 23:31:10,792 WARNING: Attempt to create a client with an existing phone number in the database. Phone number: 79001234567 [in z:\Work Files\Programming\adverstising2\app.py:79]
2025-10-25 23:31:10,816 INFO: Start creating customer [in z:\Work Files\Programming\adverstising2\app.py:47]
2025-10-25 23:31:10,816 WARNING: Attempt to create a client with an invalid date of birth. Message: Дата рождения не может быть в будущем [in z:\Work Files\Programming\adverstising2\app.py:71]
2025-10-25 23:31:10,842 INFO: Start creating customer [in z:\Work Files\Programming\adverstising2\app.py:47]
2025-10-25 23:31:10,842 WARNING: Attempt to create a client with an invalid phone number format. [in z:\Work Files\Programming\adverstising2\app.py:63]
2025-10-25 23:31:10,867 INFO: Start creating customer [in z:\Work Files\Programming\adverstising2\app.py:47]
2025-10-25 23:31:10,874 INFO: Service successfully created. ID: 1 [in z:\Work Files\Programming\adverstising2\app.py:98]
2025-10-25 23:31:10,915 INFO: Service successfully deleted. ID: 1. [in z:\Work Files\Programming\adverstising2\app.py:214]
2025-10-25 23:31:10,917 INFO: The page with the list of all clients has been loaded [in z:\Work Files\Programming\adverstising2\app.py:232]
2025-10-25 23:31:10,955 WARNING: Attempt to delete a customer associated with an order(s). ID: 1, Number of orders: 1. [in z:\Work Files\Programming\adverstising2\app.py:205]
2025-10-25 23:31:10,956 INFO: The page with the list of all clients has been loaded [in z:\Work Files\Programming\adverstising2\app.py:232]
2025-10-25 23:31:10,982 INFO: Health check - Logging is available. [in z:\Work Files\Programming\adverstising2\health_check_config.py:19]
2025-10-25 23:31:11,012 INFO: Start editing customer. ID: 1. [in z:\Work Files\Programming\adverstising2\app.py:128]
2025-10-25 23:31:11,013 WARNING: Attempt to send a customer with an existing phone number in the database. Phone number: 79007654321 [in z:\Work Files\Programming\adverstising2\app.py:163]
2025-10-25 23:31:11,050 INFO: Start editing customer. ID: 1. [in z:\Work Files\Programming\adverstising2\app.py:128]
2025-10-25 23:31:11,055 INFO: Customer successfully updated. ID: 1. [in z:\Work Files\Programming\adverstising2\app.py:179]
2025-10-25 23:32:09,099 INFO: The logger is configured. Logging level: INFO [in z:\Work Files\Programming\adverstising2\logger_config.py:26]
2025-10-25 23:32:09,141 INFO: Start creating customer [in z:\Work Files\Programming\adverstising2\app.py:47]
2025-10-25 23:32:09,141 WARNING: Attempt to create a customer with an empty name field. [in z:\Work Files\Programming\adverstising2\app.py:51]
2025-10-25 23:32:09,176 INFO: Start creating customer [in z:\Work Files\Programming\adverstising2\app.py:47]
2025-10-25 23:32:09,176 WARNING: Attempt to create a customer with an empty phone number field. [in z:\Work Files\Programming\adverstising2\app.py:57]
2025-10-25 23:32:09,215 INFO: Start creating customer [in z:\Work Files\Programming\adverstising2\app.py:47]
2025-10-25 23:32:09,218 WARNING: Attempt to create a client with an existing phone number in the database. Phone number: 79001234567 [in z:\Work Files\Programming\adverstising2\app.py:79]
2025-10-25 23:32:09,243 INFO: Start creating customer [in z:\Work Files\Programming\adverstising2\app.py:47]
2025-10-25 23:32:09,243 WARNING: Attempt to create a client with an invalid date of birth. Message: Дата рождения не может быть в будущем [in z:\Work Files\Programming\adverstising2\app.py:71]
2025-10-25 23:32:09,269 INFO: Start creating customer [in z:\Work Files\Programming\adverstising2\app.py:47]
2025-10-25 23:32:09,269 WARNING: Attempt to create a client with an invalid phone number format. [in z:\Work Files\Programming\adverstising2\app.py:63]
2025-10-25 23:32:09,294 INFO: Start creating customer [in z:\Work Files\Programming\adverstising2\app.py:47]
2025-10-25 23:32:09,301 INFO: Service successfully created. ID: 1 [in z:\Work Files\Programming\adverstising2\app.py:98]
2025-10-25 23:32:09,342 INFO: Service successfully deleted. ID: 1. [in z:\Work Files\Programming\adverstising2\app.py:214]
2025-10-25 23:32:09,344 INFO: The page with the list of all clients has been loaded [in z:\Work Files\Programming\adverstising2\app.py:232]
2025-10-25 23:32:09,389 WARNING: Attempt to delete a customer associated with an order(s). ID: 1, Number of orders: 1. [in z:\Work Files\Programming\adverstising2\app.py:205]
2025-10-25 23:32:09,391 INFO: The page with the list of all clients has been loaded [in z:\Work Files\Programming\adverstising2\app.py:232]
2025-10-25 23:32:09,422 INFO: Health check - Logging is available. [in z:\Work Files\Programming\adverstising2\health_check_config.py:19]
2025-10-25 23:32:09,453 INFO: Start editing customer. ID: 1. [in z:\Work Files\Programming\adverstising2\app.py:128]
2025-10-25 23:32:09,454 WARNING: Attempt to send a customer with an existing phone number in the database. Phone number: 79007654321 [in z:\Work Files\Programming\adverstising2\app.py:163]
2025-10-25 23:32:09,491 INFO: Start editing customer. ID: 1. [in z:\Work Files\Programming\adverstising2\app.py:128]
2025-10-25 23:32:09,497 INFO: Customer successfully updated. ID: 1. [in z:\Work Files\Programming\adverstising2\app.py:179]
2025-10-25 23:32:20,241 INFO: The logger is configured. Logging level: INFO [in z:\Work Files\Programming\adverstising2\logger_config.py:26]
2025-10-25 23:32:20,284 INFO: Start creating customer [in z:\Work Files\Programming\adverstising2\app.py:47]
2025-10-25 23:32:20,284 WARNING: Attempt to create a customer with an empty name field. [in z:\Work Files\Programming\adverstising2\app.py:51]
2025-10-25 23:32:20,319 INFO: Start creating customer [in z:\Work Files\Programming\adverstising2\app.py:47]
2025-10-25 23:32:20,319 WARNING: Attempt to create a customer with an empty phone number field. [in z:\Work Files\Programming\adverstising2\app.py:57]
2025-10-25 23:32:20,360 INFO: Start creating customer [in z:\Work Files\Programming\adverstising2\app.py:47]
2025-10-25 23:32:20,363 WARNING: Attempt to create a client with an existing phone number in the database. Phone number: 79001234567 [in z:\Work Files\Programming\adverstising2\app.py:79]
2025-10-25 23:32:20,389 INFO: Start creating customer [in z:\Work Files\Programming\adverstising2\app.py:47]
2025-10-25 23:32:20,389 WARNING: Attempt to create a client with an invalid date of birth. Message: Дата рождения не может быть в будущем [in z:\Work Files\Programming\adverstising2\app.py:71]
2025-10-25 23:32:20,414 INFO: Start creating customer [in z:\Work Files\Programming\adverstising2\app.py:47]
2025-10-25 23:32:20,414 WARNING: Attempt to create a client with an invalid phone number format. [in z:\Work Files\Programming\adverstising2\app.py:63]
2025-10-25 23:32:20,440 INFO: Start creating customer [in z:\Work Files\Programming\adverstising2\app.py:47]
2025-10-25 23:32:20,447 INFO: Service successfully created. ID: 1 [in z:\Work Files\Programming\adverstising2\app.py:98]
2025-10-25 23:32:20,488 INFO: Service successfully deleted. ID: 1. [in z:\Work Files\Programming\adverstising2\app.py:214]
2025-10-25 23:32:20,491 INFO: The page with the list of all clients has been loaded [in z:\Work Files\Programming\adverstising2\app.py:232]
2025-10-25 23:32:20,533 WARNING: Attempt to delete a customer associated with an order(s). ID: 1, Number of orders: 1. [in z:\Work Files\Programming\adverstising2\app.py:205]
2025-10-25 23:32:20,535 INFO: The page with the list of all clients has been loaded [in z:\Work Files\Programming\adverstising2\app.py:232]
2025-10-25 23:32:20,561 INFO: Health check - Logging is available. [in z:\Work Files\Programming\adverstising2\health_check_config.py:19]
2025-10-25 23:32:20,593 INFO: Start editing customer. ID: 1. [in z:\Work Files\Programming\adverstising2\app.py:128]
2025-10-25 23:32:20,594 WARNING: Attempt to send a customer with an existing phone number in the database. Phone number: 79007654321 [in z:\Work Files\Programming\adverstising2\app.py:163]
2025-10-25 23:32:20,633 INFO: Start editing customer. ID: 1. [in z:\Work Files\Programming\adverstising2\app.py:128]
2025-10-25 23:32:20,638 INFO: Customer successfully updated. ID: 1. [in z:\Work Files\Programming\adverstising2\app.py:179]
2025-10-25 23:36:48,062 INFO: The logger is configured. Logging level: INFO [in z:\Work Files\Programming\adverstising2\logger_config.py:26]
2025-10-25 23:36:48,103 INFO: Start creating customer [in z:\Work Files\Programming\adverstising2\app.py:47]
2025-10-25 23:36:48,103 WARNING: Attempt to create a customer with an empty name field. [in z:\Work Files\Programming\adverstising2\app.py:51]
2025-10-25 23:36:48,137 INFO: Start creating customer [in z:\Work Files\Programming\adverstising2\app.py:47]
2025-10-25 23:36:48,138 WARNING: Attempt to create a customer with an empty phone number field. [in z:\Work Files\Programming\adverstising2\app.py:57]
2025-10-25 23:36:48,177 INFO: Start creating customer [in z:\Work Files\Programming\adverstising2\app.py:47]
2025-10-25 23:36:48,180 WARNING: Attempt to create a client with an existing phone number in the database. Phone number: 79001234567 [in z:\Work Files\Programming\adverstising2\app.py:79]
2025-10-25 23:36:48,205 INFO: Start creating customer [in z:\Work Files\Programming\adverstising2\app.py:47]
2025-10-25 23:36:48,205 WARNING: Attempt to create a client with an invalid date of birth. Message: Дата рождения не может быть в будущем [in z:\Work Files\Programming\adverstising2\app.py:71]
2025-10-25 23:36:48,231 INFO: Start creating customer [in z:\Work Files\Programming\adverstising2\app.py:47]
2025-10-25 23:36:48,231 WARNING: Attempt to create a client with an invalid phone number format. [in z:\Work Files\Programming\adverstising2\app.py:63]
2025-10-25 23:36:48,256 INFO: Start creating customer [in z:\Work Files\Programming\adverstising2\app.py:47]
2025-10-25 23:36:48,263 INFO: Service successfully created. ID: 1 [in z:\Work Files\Programming\adverstising2\app.py:98]
2025-10-25 23:36:48,303 INFO: Service successfully deleted. ID: 1. [in z:\Work Files\Programming\adverstising2\app.py:214]
2025-10-25 23:36:48,306 INFO: The page with the list of all clients has been loaded [in z:\Work Files\Programming\adverstising2\app.py:232]
2025-10-25 23:36:48,345 WARNING: Attempt to delete a customer associated with an order(s). ID: 1, Number of orders: 1. [in z:\Work Files\Programming\adverstising2\app.py:205]
2025-10-25 23:36:48,347 INFO: The page with the list of all clients has been loaded [in z:\Work Files\Programming\adverstising2\app.py:232]
2025-10-25 23:36:48,372 INFO: Health check - Logging is available. [in z:\Work Files\Programming\adverstising2\health_check_config.py:19]
2025-10-25 23:36:48,403 INFO: Start editing customer. ID: 1. [in z:\Work Files\Programming\adverstising2\app.py:128]
2025-10-25 23:36:48,405 WARNING: Attempt to send a customer with an existing phone number in the database. Phone number: 79007654321 [in z:\Work Files\Programming\adverstising2\app.py:163]
2025-10-25 23:36:48,442 INFO: Start editing customer. ID: 1. [in z:\Work Files\Programming\adverstising2\app.py:128]
2025-10-25 23:36:48,447 INFO: Customer successfully updated. ID: 1. [in z:\Work Files\Programming\adverstising2\app.py:179]
2025-10-25 23:36:53,605 INFO: The logger is configured. Logging level: INFO [in z:\Work Files\Programming\adverstising2\logger_config.py:26]
2025-10-25 23:36:53,646 INFO: Start creating customer [in z:\Work Files\Programming\adverstising2\app.py:47]
2025-10-25 23:36:53,646 WARNING: Attempt to create a customer with an empty name field. [in z:\Work Files\Programming\adverstising2\app.py:51]
2025-10-25 23:36:53,680 INFO: Start creating customer [in z:\Work Files\Programming\adverstising2\app.py:47]
2025-10-25 23:36:53,680 WARNING: Attempt to create a customer with an empty phone number field. [in z:\Work Files\Programming\adverstising2\app.py:57]
2025-10-25 23:36:53,718 INFO: Start creating customer [in z:\Work Files\Programming\adverstising2\app.py:47]
2025-10-25 23:36:53,721 WARNING: Attempt to create a client with an existing phone number in the database. Phone number: 79001234567 [in z:\Work Files\Programming\adverstising2\app.py:79]
2025-10-25 23:36:53,746 INFO: Start creating customer [in z:\Work Files\Programming\adverstising2\app.py:47]
2025-10-25 23:36:53,746 WARNING: Attempt to create a client with an invalid date of birth. Message: Дата рождения не может быть в будущем [in z:\Work Files\Programming\adverstising2\app.py:71]
2025-10-25 23:36:53,771 INFO: Start creating customer [in z:\Work Files\Programming\adverstising2\app.py:47]
2025-10-25 23:36:53,771 WARNING: Attempt to create a client with an invalid phone number format. [in z:\Work Files\Programming\adverstising2\app.py:63]
2025-10-25 23:36:53,796 INFO: Start creating customer [in z:\Work Files\Programming\adverstising2\app.py:47]
2025-10-25 23:36:53,803 INFO: Service successfully created. ID: 1 [in z:\Work Files\Programming\adverstising2\app.py:98]
2025-10-25 23:36:53,844 INFO: Service successfully deleted. ID: 1. [in z:\Work Files\Programming\adverstising2\app.py:214]
2025-10-25 23:36:53,847 INFO: The page with the list of all clients has been loaded [in z:\Work Files\Programming\adverstising2\app.py:232]
2025-10-25 23:36:53,887 WARNING: Attempt to delete a customer associated with an order(s). ID: 1, Number of orders: 1. [in z:\Work Files\Programming\adverstising2\app.py:205]
2025-10-25 23:36:53,889 INFO: The page with the list of all clients has been loaded [in z:\Work Files\Programming\adverstising2\app.py:232]
2025-10-25 23:36:53,915 INFO: Health check - Logging is available. [in z:\Work Files\Programming\adverstising2\health_check_config.py:19]
2025-10-25 23:36:53,945 INFO: Start editing customer. ID: 1. [in z:\Work Files\Programming\adverstising2\app.py:128]
2025-10-25 23:36:53,947 WARNING: Attempt to send a customer with an existing phone number in the database. Phone number: 79007654321 [in z:\Work Files\Programming\adverstising2\app.py:163]
2025-10-25 23:36:53,984 INFO: Start editing customer. ID: 1. [in z:\Work Files\Programming\adverstising2\app.py:128]
2025-10-25 23:36:53,990 INFO: Customer successfully updated. ID: 1. [in z:\Work Files\Programming\adverstising2\app.py:179]
2025-10-25 23:37:06,558 INFO: The logger is configured. Logging level: INFO [in z:\Work Files\Programming\adverstising2\logger_config.py:26]
2025-10-25 23:37:06,599 INFO: Start creating customer [in z:\Work Files\Programming\adverstising2\app.py:47]
2025-10-25 23:37:06,599 WARNING: Attempt to create a customer with an empty name field. [in z:\Work Files\Programming\adverstising2\app.py:51]
2025-10-25 23:37:06,633 INFO: Start creating customer [in z:\Work Files\Programming\adverstising2\app.py:47]
2025-10-25 23:37:06,634 WARNING: Attempt to create a customer with an empty phone number field. [in z:\Work Files\Programming\adverstising2\app.py:57]
2025-10-25 23:37:06,672 INFO: Start creating customer [in z:\Work Files\Programming\adverstising2\app.py:47]
2025-10-25 23:37:06,675 WARNING: Attempt to create a client with an existing phone number in the database. Phone number: 79001234567 [in z:\Work Files\Programming\adverstising2\app.py:79]
2025-10-25 23:37:06,700 INFO: Start creating customer [in z:\Work Files\Programming\adverstising2\app.py:47]
2025-10-25 23:37:06,701 WARNING: Attempt to create a client with an invalid date of birth. Message: Дата рождения не может быть в будущем [in z:\Work Files\Programming\adverstising2\app.py:71]
2025-10-25 23:37:06,725 INFO: Start creating customer [in z:\Work Files\Programming\adverstising2\app.py:47]
2025-10-25 23:37:06,725 WARNING: Attempt to create a client with an invalid phone number format. [in z:\Work Files\Programming\adverstising2\app.py:63]
2025-10-25 23:37:06,750 INFO: Start creating customer [in z:\Work Files\Programming\adverstising2\app.py:47]
2025-10-25 23:37:06,757 INFO: Service successfully created. ID: 1 [in z:\Work Files\Programming\adverstising2\app.py:98]
2025-10-25 23:37:06,799 INFO: Service successfully deleted. ID: 1. [in z:\Work Files\Programming\adverstising2\app.py:214]
2025-10-25 23:37:06,801 INFO: The page with the list of all clients has been loaded [in z:\Work Files\Programming\adverstising2\app.py:232]
2025-10-25 23:37:06,841 WARNING: Attempt to delete a customer associated with an order(s). ID: 1, Number of orders: 1. [in z:\Work Files\Programming\adverstising2\app.py:205]
2025-10-25 23:37:06,842 INFO: The page with the list of all clients has been loaded [in z:\Work Files\Programming\adverstising2\app.py:232]
2025-10-25 23:37:06,867 INFO: Health check - Logging is available. [in z:\Work Files\Programming\adverstising2\health_check_config.py:19]
2025-10-25 23:37:06,897 INFO: Start editing customer. ID: 1. [in z:\Work Files\Programming\adverstising2\app.py:128]
2025-10-25 23:37:06,899 WARNING: Attempt to send a customer with an existing phone number in the database. Phone number: 79007654321 [in z:\Work Files\Programming\adverstising2\app.py:163]
2025-10-25 23:37:06,936 INFO: Start editing customer. ID: 1. [in z:\Work Files\Programming\adverstising2\app.py:128]
2025-10-25 23:37:06,941 INFO: Customer successfully updated. ID: 1. [in z:\Work Files\Programming\adverstising2\app.py:179]
2025-10-25 23:40:13,638 INFO: The logger is configured. Logging level: INFO [in z:\Work Files\Programming\adverstising2\logger_config.py:26]
2025-10-25 23:40:13,680 INFO: Start creating customer [in z:\Work Files\Programming\adverstising2\app.py:47]
2025-10-25 23:40:13,680 WARNING: Attempt to create a customer with an empty name field. [in z:\Work Files\Programming\adverstising2\app.py:51]
2025-10-25 23:40:13,715 INFO: Start creating customer [in z:\Work Files\Programming\adverstising2\app.py:47]
2025-10-25 23:40:13,715 WARNING: Attempt to create a customer with an empty phone number field. [in z:\Work Files\Programming\adverstising2\app.py:57]
2025-10-25 23:40:13,754 INFO: Start creating customer [in z:\Work Files\Programming\adverstising2\app.py:47]
2025-10-25 23:40:13,757 WARNING: Attempt to create a client with an existing phone number in the database. Phone number: 79001234567 [in z:\Work Files\Programming\adverstising2\app.py:79]
2025-10-25 23:40:13,782 INFO: Start creating customer [in z:\Work Files\Programming\adverstising2\app.py:47]
2025-10-25 23:40:13,782 WARNING: Attempt to create a client with an invalid date of birth. Message: Дата рождения не может быть в будущем [in z:\Work Files\Programming\adverstising2\app.py:71]
2025-10-25 23:40:13,807 INFO: Start creating customer [in z:\Work Files\Programming\adverstising2\app.py:47]
2025-10-25 23:40:13,807 WARNING: Attempt to create a client with an invalid phone number format. [in z:\Work Files\Programming\adverstising2\app.py:63]
2025-10-25 23:40:13,832 INFO: Start creating customer [in z:\Work Files\Programming\adverstising2\app.py:47]
2025-10-25 23:40:13,838 INFO: Service successfully created. ID: 1 [in z:\Work Files\Programming\adverstising2\app.py:98]
2025-10-25 23:40:13,878 INFO: Service successfully deleted. ID: 1. [in z:\Work Files\Programming\adverstising2\app.py:214]
2025-10-25 23:40:13,880 INFO: The page with the list of all clients has been loaded [in z:\Work Files\Programming\adverstising2\app.py:232]
2025-10-25 23:40:13,919 WARNING: Attempt to delete a customer associated with an order(s). ID: 1, Number of orders: 1. [in z:\Work Files\Programming\adverstising2\app.py:205]
2025-10-25 23:40:13,921 INFO: The page with the list of all clients has been loaded [in z:\Work Files\Programming\adverstising2\app.py:232]
2025-10-25 23:40:13,946 INFO: Health check - Logging is available. [in z:\Work Files\Programming\adverstising2\health_check_config.py:19]
2025-10-25 23:40:13,977 INFO: Start editing customer. ID: 1. [in z:\Work Files\Programming\adverstising2\app.py:128]
2025-10-25 23:40:13,978 WARNING: Attempt to send a customer with an existing phone number in the database. Phone number: 79007654321 [in z:\Work Files\Programming\adverstising2\app.py:163]
2025-10-25 23:40:14,011 INFO: Start editing customer. ID: 1. [in z:\Work Files\Programming\adverstising2\app.py:128]
2025-10-25 23:40:14,016 INFO: Customer successfully updated. ID: 1. [in z:\Work Files\Programming\adverstising2\app.py:179]
2025-10-25 23:43:01,631 INFO: The logger is configured. Logging level: INFO [in z:\Work Files\Programming\adverstising2\logger_config.py:26]
2025-10-25 23:43:01,677 INFO: Start creating customer [in z:\Work Files\Programming\adverstising2\app.py:47]
2025-10-25 23:43:01,678 WARNING: Attempt to create a customer with an empty name field. [in z:\Work Files\Programming\adverstising2\app.py:51]
2025-10-25 23:43:01,714 INFO: Start creating customer [in z:\Work Files\Programming\adverstising2\app.py:47]
2025-10-25 23:43:01,714 WARNING: Attempt to create a customer with an empty phone number field. [in z:\Work Files\Programming\adverstising2\app.py:57]
2025-10-25 23:43:01,758 INFO: Start creating customer [in z:\Work Files\Programming\adverstising2\app.py:47]
2025-10-25 23:43:01,762 WARNING: Attempt to create a client with an existing phone number in the database. Phone number: 79001234567 [in z:\Work Files\Programming\adverstising2\app.py:79]
2025-10-25 23:43:01,790 INFO: Start creating customer [in z:\Work Files\Programming\adverstising2\app.py:47]
2025-10-25 23:43:01,790 WARNING: Attempt to create a client with an invalid date of birth. Message: Дата рождения не может быть в будущем [in z:\Work Files\Programming\adverstising2\app.py:71]
2025-10-25 23:43:01,819 INFO: Start creating customer [in z:\Work Files\Programming\adverstising2\app.py:47]
2025-10-25 23:43:01,820 WARNING: Attempt to create a client with an invalid phone number format. [in z:\Work Files\Programming\adverstising2\app.py:63]
2025-10-25 23:43:01,848 INFO: Start creating customer [in z:\Work Files\Programming\adverstising2\app.py:47]
2025-10-25 23:43:01,855 INFO: Service successfully created. ID: 1 [in z:\Work Files\Programming\adverstising2\app.py:98]
2025-10-25 23:43:01,898 INFO: Service successfully deleted. ID: 1. [in z:\Work Files\Programming\adverstising2\app.py:214]
2025-10-25 23:43:01,900 INFO: The page with the list of all clients has been loaded [in z:\Work Files\Programming\adverstising2\app.py:232]
2025-10-25 23:43:01,940 WARNING: Attempt to delete a customer associated with an order(s). ID: 1, Number of orders: 1. [in z:\Work Files\Programming\adverstising2\app.py:205]
2025-10-25 23:43:01,942 INFO: The page with the list of all clients has been loaded [in z:\Work Files\Programming\adverstising2\app.py:232]
2025-10-25 23:43:01,968 INFO: Health check - Logging is available. [in z:\Work Files\Programming\adverstising2\health_check_config.py:19]
2025-10-25 23:43:02,000 INFO: Start editing customer. ID: 1. [in z:\Work Files\Programming\adverstising2\app.py:128]
2025-10-25 23:43:02,001 WARNING: Attempt to send a customer with an existing phone number in the database. Phone number: 79007654321 [in z:\Work Files\Programming\adverstising2\app.py:163]
2025-10-25 23:43:02,036 INFO: Start editing customer. ID: 1. [in z:\Work Files\Programming\adverstising2\app.py:128]
2025-10-25 23:43:02,041 INFO: Customer successfully updated. ID: 1. [in z:\Work Files\Programming\adverstising2\app.py:179]
2025-10-25 23:44:12,847 INFO: The logger is configured. Logging level: INFO [in z:\Work Files\Programming\adverstising2\logger_config.py:26]
2025-10-25 23:44:12,890 INFO: Start creating customer [in z:\Work Files\Programming\adverstising2\app.py:47]
2025-10-25 23:44:12,890 WARNING: Attempt to create a customer with an empty name field. [in z:\Work Files\Programming\adverstising2\app.py:51]
2025-10-25 23:44:12,926 INFO: Start creating customer [in z:\Work Files\Programming\adverstising2\app.py:47]
2025-10-25 23:44:12,927 WARNING: Attempt to create a customer with an empty phone number field. [in z:\Work Files\Programming\adverstising2\app.py:57]
2025-10-25 23:44:12,966 INFO: Start creating customer [in z:\Work Files\Programming\adverstising2\app.py:47]
2025-10-25 23:44:12,970 WARNING: Attempt to create a client with an existing phone number in the database. Phone number: 79001234567 [in z:\Work Files\Programming\adverstising2\app.py:79]
2025-10-25 23:44:12,995 INFO: Start creating customer [in z:\Work Files\Programming\adverstising2\app.py:47]
2025-10-25 23:44:12,996 WARNING: Attempt to create a client with an invalid date of birth. Message: Дата рождения не может быть в будущем [in z:\Work Files\Programming\adverstising2\app.py:71]
2025-10-25 23:44:13,022 INFO: Start creating customer [in z:\Work Files\Programming\adverstising2\app.py:47]
2025-10-25 23:44:13,023 WARNING: Attempt to create a client with an invalid phone number format. [in z:\Work Files\Programming\adverstising2\app.py:63]
2025-10-25 23:44:13,047 INFO: Start creating customer [in z:\Work Files\Programming\adverstising2\app.py:47]
2025-10-25 23:44:13,054 INFO: Service successfully created. ID: 1 [in z:\Work Files\Programming\adverstising2\app.py:98]
2025-10-25 23:44:13,096 INFO: Service successfully deleted. ID: 1. [in z:\Work Files\Programming\adverstising2\app.py:214]
2025-10-25 23:44:13,098 INFO: The page with the list of all clients has been loaded [in z:\Work Files\Programming\adverstising2\app.py:232]
2025-10-25 23:44:13,138 WARNING: Attempt to delete a customer associated with an order(s). ID: 1, Number of orders: 1. [in z:\Work Files\Programming\adverstising2\app.py:205]
2025-10-25 23:44:13,140 INFO: The page with the list of all clients has been loaded [in z:\Work Files\Programming\adverstising2\app.py:232]
2025-10-25 23:44:13,166 INFO: Health check - Logging is available. [in z:\Work Files\Programming\adverstising2\health_check_config.py:19]
2025-10-25 23:44:13,198 INFO: Start editing customer. ID: 1. [in z:\Work Files\Programming\adverstising2\app.py:128]
2025-10-25 23:44:13,199 WARNING: Attempt to send a customer with an existing phone number in the database. Phone number: 79007654321 [in z:\Work Files\Programming\adverstising2\app.py:163]
2025-10-25 23:44:13,233 INFO: Start editing customer. ID: 1. [in z:\Work Files\Programming\adverstising2\app.py:128]
2025-10-25 23:44:13,239 INFO: Customer successfully updated. ID: 1. [in z:\Work Files\Programming\adverstising2\app.py:179]
2025-10-25 23:44:48,321 INFO: The logger is configured. Logging level: INFO [in z:\Work Files\Programming\adverstising2\logger_config.py:26]
2025-10-25 23:44:48,363 INFO: Start creating customer [in z:\Work Files\Programming\adverstising2\app.py:47]
2025-10-25 23:44:48,364 WARNING: Attempt to create a customer with an empty name field. [in z:\Work Files\Programming\adverstising2\app.py:51]
2025-10-25 23:44:48,398 INFO: Start creating customer [in z:\Work Files\Programming\adverstising2\app.py:47]
2025-10-25 23:44:48,398 WARNING: Attempt to create a customer with an empty phone number field. [in z:\Work Files\Programming\adverstising2\app.py:57]
2025-10-25 23:44:48,437 INFO: Start creating customer [in z:\Work Files\Programming\adverstising2\app.py:47]
2025-10-25 23:44:48,440 WARNING: Attempt to create a client with an existing phone number in the database. Phone number: 79001234567 [in z:\Work Files\Programming\adverstising2\app.py:79]
2025-10-25 23:44:48,465 INFO: Start creating customer [in z:\Work Files\Programming\adverstising2\app.py:47]
2025-10-25 23:44:48,465 WARNING: Attempt to create a client with an invalid date of birth. Message: Дата рождения не может быть в будущем [in z:\Work Files\Programming\adverstising2\app.py:71]
2025-10-25 23:44:48,491 INFO: Start creating customer [in z:\Work Files\Programming\adverstising2\app.py:47]
2025-10-25 23:44:48,491 WARNING: Attempt to create a client with an invalid phone number format. [in z:\Work Files\Programming\adverstising2\app.py:63]
2025-10-25 23:44:48,517 INFO: Start creating customer [in z:\Work Files\Programming\adverstising2\app.py:47]
2025-10-25 23:44:48,524 INFO: Service successfully created. ID: 1 [in z:\Work Files\Programming\adverstising2\app.py:98]
2025-10-25 23:44:48,566 INFO: Service successfully deleted. ID: 1. [in z:\Work Files\Programming\adverstising2\app.py:214]
2025-10-25 23:44:48,568 INFO: The page with the list of all clients has been loaded [in z:\Work Files\Programming\adverstising2\app.py:232]
2025-10-25 23:44:48,610 WARNING: Attempt to delete a customer associated with an order(s). ID: 1, Number of orders: 1. [in z:\Work Files\Programming\adverstising2\app.py:205]
2025-10-25 23:44:48,612 INFO: The page with the list of all clients has been loaded [in z:\Work Files\Programming\adverstising2\app.py:232]
2025-10-25 23:44:48,639 INFO: Health check - Logging is available. [in z:\Work Files\Programming\adverstising2\health_check_config.py:19]
2025-10-25 23:44:48,669 INFO: Start editing customer. ID: 1. [in z:\Work Files\Programming\adverstising2\app.py:128]
2025-10-25 23:44:48,671 WARNING: Attempt to send a customer with an existing phone number in the database. Phone number: 79007654321 [in z:\Work Files\Programming\adverstising2\app.py:163]
2025-10-25 23:44:48,703 INFO: Start editing customer. ID: 1. [in z:\Work Files\Programming\adverstising2\app.py:128]
2025-10-25 23:44:48,708 INFO: Customer successfully updated. ID: 1. [in z:\Work Files\Programming\adverstising2\app.py:179]
2025-10-25 23:44:58,946 INFO: The logger is configured. Logging level: INFO [in z:\Work Files\Programming\adverstising2\logger_config.py:26]
2025-10-25 23:44:58,987 INFO: Start creating customer [in z:\Work Files\Programming\adverstising2\app.py:47]
2025-10-25 23:44:58,987 WARNING: Attempt to create a customer with an empty name field. [in z:\Work Files\Programming\adverstising2\app.py:51]
2025-10-25 23:44:59,020 INFO: Start creating customer [in z:\Work Files\Programming\adverstising2\app.py:47]
2025-10-25 23:44:59,020 WARNING: Attempt to create a customer with an empty phone number field. [in z:\Work Files\Programming\adverstising2\app.py:57]
2025-10-25 23:44:59,060 INFO: Start creating customer [in z:\Work Files\Programming\adverstising2\app.py:47]
2025-10-25 23:44:59,064 WARNING: Attempt to create a client with an existing phone number in the database. Phone number: 79001234567 [in z:\Work Files\Programming\adverstising2\app.py:79]
2025-10-25 23:44:59,088 INFO: Start creating customer [in z:\Work Files\Programming\adverstising2\app.py:47]
2025-10-25 23:44:59,089 WARNING: Attempt to create a client with an invalid date of birth. Message: Дата рождения не может быть в будущем [in z:\Work Files\Programming\adverstising2\app.py:71]
2025-10-25 23:44:59,113 INFO: Start creating customer [in z:\Work Files\Programming\adverstising2\app.py:47]
2025-10-25 23:44:59,114 WARNING: Attempt to create a client with an invalid phone number format. [in z:\Work Files\Programming\adverstising2\app.py:63]
2025-10-25 23:44:59,139 INFO: Start creating customer [in z:\Work Files\Programming\adverstising2\app.py:47]
2025-10-25 23:44:59,145 INFO: Service successfully created. ID: 1 [in z:\Work Files\Programming\adverstising2\app.py:98]
2025-10-25 23:44:59,188 INFO: Service successfully deleted. ID: 1. [in z:\Work Files\Programming\adverstising2\app.py:214]
2025-10-25 23:44:59,191 INFO: The page with the list of all clients has been loaded [in z:\Work Files\Programming\adverstising2\app.py:232]
2025-10-25 23:44:59,232 WARNING: Attempt to delete a customer associated with an order(s). ID: 1, Number of orders: 1. [in z:\Work Files\Programming\adverstising2\app.py:205]
2025-10-25 23:44:59,233 INFO: The page with the list of all clients has been loaded [in z:\Work Files\Programming\adverstising2\app.py:232]
2025-10-25 23:44:59,260 INFO: Health check - Logging is available. [in z:\Work Files\Programming\adverstising2\health_check_config.py:19]
2025-10-25 23:44:59,291 INFO: Start editing customer. ID: 1. [in z:\Work Files\Programming\adverstising2\app.py:128]
2025-10-25 23:44:59,292 WARNING: Attempt to send a customer with an existing phone number in the database. Phone number: 79007654321 [in z:\Work Files\Programming\adverstising2\app.py:163]
2025-10-25 23:44:59,326 INFO: Start editing customer. ID: 1. [in z:\Work Files\Programming\adverstising2\app.py:128]
2025-10-25 23:44:59,331 INFO: Customer successfully updated. ID: 1. [in z:\Work Files\Programming\adverstising2\app.py:179]
2025-10-25 23:45:43,682 INFO: The logger is configured. Logging level: INFO [in z:\Work Files\Programming\adverstising2\logger_config.py:26]
2025-10-25 23:45:43,727 INFO: Start creating customer [in z:\Work Files\Programming\adverstising2\app.py:47]
2025-10-25 23:45:43,727 WARNING: Attempt to create a customer with an empty name field. [in z:\Work Files\Programming\adverstising2\app.py:51]
2025-10-25 23:45:43,763 INFO: Start creating customer [in z:\Work Files\Programming\adverstising2\app.py:47]
2025-10-25 23:45:43,764 WARNING: Attempt to create a customer with an empty phone number field. [in z:\Work Files\Programming\adverstising2\app.py:57]
2025-10-25 23:45:43,804 INFO: Start creating customer [in z:\Work Files\Programming\adverstising2\app.py:47]
2025-10-25 23:45:43,807 WARNING: Attempt to create a client with an existing phone number in the database. Phone number: 79001234567 [in z:\Work Files\Programming\adverstising2\app.py:79]
2025-10-25 23:45:43,832 INFO: Start creating customer [in z:\Work Files\Programming\adverstising2\app.py:47]
2025-10-25 23:45:43,832 WARNING: Attempt to create a client with an invalid date of birth. Message: Дата рождения не может быть в будущем [in z:\Work Files\Programming\adverstising2\app.py:71]
2025-10-25 23:45:43,857 INFO: Start creating customer [in z:\Work Files\Programming\adverstising2\app.py:47]
2025-10-25 23:45:43,858 WARNING: Attempt to create a client with an invalid phone number format. [in z:\Work Files\Programming\adverstising2\app.py:63]
2025-10-25 23:45:43,883 INFO: Start creating customer [in z:\Work Files\Programming\adverstising2\app.py:47]
2025-10-25 23:45:43,889 INFO: Service successfully created. ID: 1 [in z:\Work Files\Programming\adverstising2\app.py:98]
2025-10-25 23:45:43,930 INFO: Service successfully deleted. ID: 1. [in z:\Work Files\Programming\adverstising2\app.py:214]
2025-10-25 23:45:43,933 INFO: The page with the list of all clients has been loaded [in z:\Work Files\Programming\adverstising2\app.py:232]
2025-10-25 23:45:43,973 WARNING: Attempt to delete a customer associated with an order(s). ID: 1, Number of orders: 1. [in z:\Work Files\Programming\adverstising2\app.py:205]
2025-10-25 23:45:43,975 INFO: The page with the list of all clients has been loaded [in z:\Work Files\Programming\adverstising2\app.py:232]
2025-10-25 23:45:44,000 INFO: Health check - Logging is available. [in z:\Work Files\Programming\adverstising2\health_check_config.py:19]
2025-10-25 23:45:44,037 INFO: Start editing customer. ID: 1. [in z:\Work Files\Programming\adverstising2\app.py:128]
2025-10-25 23:45:44,038 WARNING: Attempt to send a customer with an existing phone number in the database. Phone number: 79007654321 [in z:\Work Files\Programming\adverstising2\app.py:163]
2025-10-25 23:45:44,071 INFO: Start editing customer. ID: 1. [in z:\Work Files\Programming\adverstising2\app.py:128]
2025-10-25 23:45:44,077 INFO: Customer successfully updated. ID: 1. [in z:\Work Files\Programming\adverstising2\app.py:179]
2025-10-25 23:45:47,946 INFO: The logger is configured. Logging level: INFO [in z:\Work Files\Programming\adverstising2\logger_config.py:26]
2025-10-25 23:45:47,988 INFO: Start creating customer [in z:\Work Files\Programming\adverstising2\app.py:47]
2025-10-25 23:45:47,988 WARNING: Attempt to create a customer with an empty name field. [in z:\Work Files\Programming\adverstising2\app.py:51]
2025-10-25 23:45:48,022 INFO: Start creating customer [in z:\Work Files\Programming\adverstising2\app.py:47]
2025-10-25 23:45:48,022 WARNING: Attempt to create a customer with an empty phone number field. [in z:\Work Files\Programming\adverstising2\app.py:57]
2025-10-25 23:45:48,060 INFO: Start creating customer [in z:\Work Files\Programming\adverstising2\app.py:47]
2025-10-25 23:45:48,063 WARNING: Attempt to create a client with an existing phone number in the database. Phone number: 79001234567 [in z:\Work Files\Programming\adverstising2\app.py:79]
2025-10-25 23:45:48,087 INFO: Start creating customer [in z:\Work Files\Programming\adverstising2\app.py:47]
2025-10-25 23:45:48,087 WARNING: Attempt to create a client with an invalid date of birth. Message: Дата рождения не может быть в будущем [in z:\Work Files\Programming\adverstising2\app.py:71]
2025-10-25 23:45:48,112 INFO: Start creating customer [in z:\Work Files\Programming\adverstising2\app.py:47]
2025-10-25 23:45:48,113 WARNING: Attempt to create a client with an invalid phone number format. [in z:\Work Files\Programming\adverstising2\app.py:63]
2025-10-25 23:45:48,137 INFO: Start creating customer [in z:\Work Files\Programming\adverstising2\app.py:47]
2025-10-25 23:45:48,143 INFO: Service successfully created. ID: 1 [in z:\Work Files\Programming\adverstising2\app.py:98]
2025-10-25 23:45:48,184 INFO: Service successfully deleted. ID: 1. [in z:\Work Files\Programming\adverstising2\app.py:214]
2025-10-25 23:45:48,186 INFO: The page with the list of all clients has been loaded [in z:\Work Files\Programming\adverstising2\app.py:232]
2025-10-25 23:45:48,225 WARNING: Attempt to delete a customer associated with an order(s). ID: 1, Number of orders: 1. [in z:\Work Files\Programming\adverstising2\app.py:205]
2025-10-25 23:45:48,227 INFO: The page with the list of all clients has been loaded [in z:\Work Files\Programming\adverstising2\app.py:232]
2025-10-25 23:45:48,253 INFO: Health check - Logging is available. [in z:\Work Files\Programming\adverstising2\health_check_config.py:19]
2025-10-25 23:45:48,283 INFO: Start editing customer. ID: 1. [in z:\Work Files\Programming\adverstising2\app.py:128]
2025-10-25 23:45:48,285 WARNING: Attempt to send a customer with an existing phone number in the database. Phone number: 79007654321 [in z:\Work Files\Programming\adverstising2\app.py:163]
2025-10-25 23:45:48,317 INFO: Start editing customer. ID: 1. [in z:\Work Files\Programming\adverstising2\app.py:128]
2025-10-25 23:45:48,323 INFO: Customer successfully updated. ID: 1. [in z:\Work Files\Programming\adverstising2\app.py:179]
2025-10-25 23:46:18,207 INFO: The logger is configured. Logging level: INFO [in z:\Work Files\Programming\adverstising2\logger_config.py:26]
2025-10-25 23:46:18,250 INFO: Start creating customer [in z:\Work Files\Programming\adverstising2\app.py:47]
2025-10-25 23:46:18,251 WARNING: Attempt to create a customer with an empty name field. [in z:\Work Files\Programming\adverstising2\app.py:51]
2025-10-25 23:46:18,284 INFO: Start creating customer [in z:\Work Files\Programming\adverstising2\app.py:47]
2025-10-25 23:46:18,284 WARNING: Attempt to create a customer with an empty phone number field. [in z:\Work Files\Programming\adverstising2\app.py:57]
2025-10-25 23:46:18,323 INFO: Start creating customer [in z:\Work Files\Programming\adverstising2\app.py:47]
2025-10-25 23:46:18,326 WARNING: Attempt to create a client with an existing phone number in the database. Phone number: 79001234567 [in z:\Work Files\Programming\adverstising2\app.py:79]
2025-10-25 23:46:18,351 INFO: Start creating customer [in z:\Work Files\Programming\adverstising2\app.py:47]
2025-10-25 23:46:18,351 WARNING: Attempt to create a client with an invalid date of birth. Message: Дата рождения не может быть в будущем [in z:\Work Files\Programming\adverstising2\app.py:71]
2025-10-25 23:46:18,375 INFO: Start creating customer [in z:\Work Files\Programming\adverstising2\app.py:47]
2025-10-25 23:46:18,376 WARNING: Attempt to create a client with an invalid phone number format. [in z:\Work Files\Programming\adverstising2\app.py:63]
2025-10-25 23:46:18,401 INFO: Start creating customer [in z:\Work Files\Programming\adverstising2\app.py:47]
2025-10-25 23:46:18,408 INFO: Service successfully created. ID: 1 [in z:\Work Files\Programming\adverstising2\app.py:98]
2025-10-25 23:46:18,449 INFO: Service successfully deleted. ID: 1. [in z:\Work Files\Programming\adverstising2\app.py:214]
2025-10-25 23:46:18,451 INFO: The page with the list of all clients has been loaded [in z:\Work Files\Programming\adverstising2\app.py:232]
2025-10-25 23:46:18,490 WARNING: Attempt to delete a customer associated with an order(s). ID: 1, Number of orders: 1. [in z:\Work Files\Programming\adverstising2\app.py:205]
2025-10-25 23:46:18,492 INFO: The page with the list of all clients has been loaded [in z:\Work Files\Programming\adverstising2\app.py:232]
2025-10-25 23:46:18,517 INFO: Health check - Logging is available. [in z:\Work Files\Programming\adverstising2\health_check_config.py:19]
2025-10-25 23:46:18,548 INFO: Start editing customer. ID: 1. [in z:\Work Files\Programming\adverstising2\app.py:128]
2025-10-25 23:46:18,549 WARNING: Attempt to send a customer with an existing phone number in the database. Phone number: 79007654321 [in z:\Work Files\Programming\adverstising2\app.py:163]
2025-10-25 23:46:18,581 INFO: Start editing customer. ID: 1. [in z:\Work Files\Programming\adverstising2\app.py:128]
2025-10-25 23:46:18,587 INFO: Customer successfully updated. ID: 1. [in z:\Work Files\Programming\adverstising2\app.py:179]
2025-10-25 23:47:14,792 INFO: The logger is configured. Logging level: INFO [in z:\Work Files\Programming\adverstising2\logger_config.py:26]
2025-10-25 23:47:14,833 INFO: Start creating customer [in z:\Work Files\Programming\adverstising2\app.py:47]
2025-10-25 23:47:14,834 WARNING: Attempt to create a customer with an empty name field. [in z:\Work Files\Programming\adverstising2\app.py:51]
2025-10-25 23:47:14,868 INFO: Start creating customer [in z:\Work Files\Programming\adverstising2\app.py:47]
2025-10-25 23:47:14,868 WARNING: Attempt to create a customer with an empty phone number field. [in z:\Work Files\Programming\adverstising2\app.py:57]
2025-10-25 23:47:14,906 INFO: Start creating customer [in z:\Work Files\Programming\adverstising2\app.py:47]
2025-10-25 23:47:14,909 WARNING: Attempt to create a client with an existing phone number in the database. Phone number: 79001234567 [in z:\Work Files\Programming\adverstising2\app.py:79]
2025-10-25 23:47:14,934 INFO: Start creating customer [in z:\Work Files\Programming\adverstising2\app.py:47]
2025-10-25 23:47:14,934 WARNING: Attempt to create a client with an invalid date of birth. Message: Дата рождения не может быть в будущем [in z:\Work Files\Programming\adverstising2\app.py:71]
2025-10-25 23:47:14,959 INFO: Start creating customer [in z:\Work Files\Programming\adverstising2\app.py:47]
2025-10-25 23:47:14,959 WARNING: Attempt to create a client with an invalid phone number format. [in z:\Work Files\Programming\adverstising2\app.py:63]
2025-10-25 23:47:14,985 INFO: Start creating customer [in z:\Work Files\Programming\adverstising2\app.py:47]
2025-10-25 23:47:14,992 INFO: Service successfully created. ID: 1 [in z:\Work Files\Programming\adverstising2\app.py:98]
2025-10-25 23:47:15,033 INFO: Service successfully deleted. ID: 1. [in z:\Work Files\Programming\adverstising2\app.py:214]
2025-10-25 23:47:15,035 INFO: The page with the list of all clients has been loaded [in z:\Work Files\Programming\adverstising2\app.py:232]
2025-10-25 23:47:15,077 WARNING: Attempt to delete a customer associated with an order(s). ID: 1, Number of orders: 1. [in z:\Work Files\Programming\adverstising2\app.py:205]
2025-10-25 23:47:15,079 INFO: The page with the list of all clients has been loaded [in z:\Work Files\Programming\adverstising2\app.py:232]
2025-10-25 23:47:15,104 INFO: Health check - Logging is available. [in z:\Work Files\Programming\adverstising2\health_check_config.py:19]
2025-10-25 23:47:15,134 INFO: Start editing customer. ID: 1. [in z:\Work Files\Programming\adverstising2\app.py:128]
2025-10-25 23:47:15,136 WARNING: Attempt to send a customer with an existing phone number in the database. Phone number: 79007654321 [in z:\Work Files\Programming\adverstising2\app.py:163]
2025-10-25 23:47:15,169 INFO: Start editing customer. ID: 1. [in z:\Work Files\Programming\adverstising2\app.py:128]
2025-10-25 23:47:15,174 INFO: Customer successfully updated. ID: 1. [in z:\Work Files\Programming\adverstising2\app.py:179]
2025-10-25 23:49:15,103 INFO: The logger is configured. Logging level: INFO [in z:\Work Files\Programming\adverstising2\logger_config.py:26]
2025-10-25 23:49:15,149 INFO: Start creating customer [in z:\Work Files\Programming\adverstising2\app.py:47]
2025-10-25 23:49:15,150 WARNING: Attempt to create a customer with an empty name field. [in z:\Work Files\Programming\adverstising2\app.py:51]
2025-10-25 23:49:15,185 INFO: Start creating customer [in z:\Work Files\Programming\adverstising2\app.py:47]
2025-10-25 23:49:15,186 WARNING: Attempt to create a customer with an empty phone number field. [in z:\Work Files\Programming\adverstising2\app.py:57]
2025-10-25 23:49:15,225 INFO: Start creating customer [in z:\Work Files\Programming\adverstising2\app.py:47]
2025-10-25 23:49:15,229 WARNING: Attempt to create a client with an existing phone number in the database. Phone number: 79001234567 [in z:\Work Files\Programming\adverstising2\app.py:79]
2025-10-25 23:49:15,254 INFO: Start creating customer [in z:\Work Files\Programming\adverstising2\app.py:47]
2025-10-25 23:49:15,254 WARNING: Attempt to create a client with an invalid date of birth. Message: Дата рождения не может быть в будущем [in z:\Work Files\Programming\adverstising2\app.py:71]
2025-10-25 23:49:15,279 INFO: Start creating customer [in z:\Work Files\Programming\adverstising2\app.py:47]
2025-10-25 23:49:15,279 WARNING: Attempt to create a client with an invalid phone number format. [in z:\Work Files\Programming\adverstising2\app.py:63]
2025-10-25 23:49:15,304 INFO: Start creating customer [in z:\Work Files\Programming\adverstising2\app.py:47]
2025-10-25 23:49:15,311 INFO: Service successfully created. ID: 1 [in z:\Work Files\Programming\adverstising2\app.py:98]
2025-10-25 23:49:15,352 INFO: Service successfully deleted. ID: 1. [in z:\Work Files\Programming\adverstising2\app.py:214]
2025-10-25 23:49:15,354 INFO: The page with the list of all clients has been loaded [in z:\Work Files\Programming\adverstising2\app.py:232]
2025-10-25 23:49:15,394 WARNING: Attempt to delete a customer associated with an order(s). ID: 1, Number of orders: 1. [in z:\Work Files\Programming\adverstising2\app.py:205]
2025-10-25 23:49:15,396 INFO: The page with the list of all clients has been loaded [in z:\Work Files\Programming\adverstising2\app.py:232]
2025-10-25 23:49:15,421 INFO: Health check - Logging is available. [in z:\Work Files\Programming\adverstising2\health_check_config.py:19]
2025-10-25 23:49:15,451 INFO: Start editing customer. ID: 1. [in z:\Work Files\Programming\adverstising2\app.py:128]
2025-10-25 23:49:15,453 WARNING: Attempt to send a customer with an existing phone number in the database. Phone number: 79007654321 [in z:\Work Files\Programming\adverstising2\app.py:163]
2025-10-25 23:49:15,485 INFO: Start editing customer. ID: 1. [in z:\Work Files\Programming\adverstising2\app.py:128]
2025-10-25 23:49:15,491 INFO: Customer successfully updated. ID: 1. [in z:\Work Files\Programming\adverstising2\app.py:179]
2025-10-25 23:50:11,986 INFO: The logger is configured. Logging level: INFO [in z:\Work Files\Programming\adverstising2\logger_config.py:26]
2025-10-25 23:50:12,028 INFO: Start creating customer [in z:\Work Files\Programming\adverstising2\app.py:47]
2025-10-25 23:50:12,029 WARNING: Attempt to create a customer with an empty name field. [in z:\Work Files\Programming\adverstising2\app.py:51]
2025-10-25 23:50:12,063 INFO: Start creating customer [in z:\Work Files\Programming\adverstising2\app.py:47]
2025-10-25 23:50:12,063 WARNING: Attempt to create a customer with an empty phone number field. [in z:\Work Files\Programming\adverstising2\app.py:57]
2025-10-25 23:50:12,105 INFO: Start creating customer [in z:\Work Files\Programming\adverstising2\app.py:47]
2025-10-25 23:50:12,108 WARNING: Attempt to create a client with an existing phone number in the database. Phone number: 79001234567 [in z:\Work Files\Programming\adverstising2\app.py:79]
2025-10-25 23:50:12,135 INFO: Start creating customer [in z:\Work Files\Programming\adverstising2\app.py:47]
2025-10-25 23:50:12,135 WARNING: Attempt to create a client with an invalid date of birth. Message: Дата рождения не может быть в будущем [in z:\Work Files\Programming\adverstising2\app.py:71]
2025-10-25 23:50:12,161 INFO: Start creating customer [in z:\Work Files\Programming\adverstising2\app.py:47]
2025-10-25 23:50:12,161 WARNING: Attempt to create a client with an invalid phone number format. [in z:\Work Files\Programming\adverstising2\app.py:63]
2025-10-25 23:50:12,187 INFO: Start creating customer [in z:\Work Files\Programming\adverstising2\app.py:47]
2025-10-25 23:50:12,193 INFO: Service successfully created. ID: 1 [in z:\Work Files\Programming\adverstising2\app.py:98]
2025-10-25 23:50:12,235 INFO: Service successfully deleted. ID: 1. [in z:\Work Files\Programming\adverstising2\app.py:214]
2025-10-25 23:50:12,238 INFO: The page with the list of all clients has been loaded [in z:\Work Files\Programming\adverstising2\app.py:232]
2025-10-25 23:50:12,286 WARNING: Attempt to delete a customer associated with an order(s). ID: 1, Number of orders: 1. [in z:\Work Files\Programming\adverstising2\app.py:205]
2025-10-25 23:50:12,287 INFO: The page with the list of all clients has been loaded [in z:\Work Files\Programming\adverstising2\app.py:232]
2025-10-25 23:50:12,313 INFO: Health check - Logging is available. [in z:\Work Files\Programming\adverstising2\health_check_config.py:19]
2025-10-25 23:50:12,344 INFO: Start editing customer. ID: 1. [in z:\Work Files\Programming\adverstising2\app.py:128]
2025-10-25 23:50:12,345 WARNING: Attempt to send a customer with an existing phone number in the database. Phone number: 79007654321 [in z:\Work Files\Programming\adverstising2\app.py:163]
2025-10-25 23:50:12,378 INFO: Start editing customer. ID: 1. [in z:\Work Files\Programming\adverstising2\app.py:128]
2025-10-25 23:50:12,383 INFO: Customer successfully updated. ID: 1. [in z:\Work Files\Programming\adverstising2\app.py:179]
2025-10-25 23:51:34,534 INFO: The logger is configured. Logging level: INFO [in z:\Work Files\Programming\adverstising2\logger_config.py:26]
2025-10-25 23:51:34,575 INFO: Start creating customer [in z:\Work Files\Programming\adverstising2\app.py:47]
2025-10-25 23:51:34,575 WARNING: Attempt to create a customer with an empty name field. [in z:\Work Files\Programming\adverstising2\app.py:51]
2025-10-25 23:51:34,609 INFO: Start creating customer [in z:\Work Files\Programming\adverstising2\app.py:47]
2025-10-25 23:51:34,609 WARNING: Attempt to create a customer with an empty phone number field. [in z:\Work Files\Programming\adverstising2\app.py:57]
2025-10-25 23:51:34,648 INFO: Start creating customer [in z:\Work Files\Programming\adverstising2\app.py:47]
2025-10-25 23:51:34,651 WARNING: Attempt to create a client with an existing phone number in the database. Phone number: 79001234567 [in z:\Work Files\Programming\adverstising2\app.py:79]
2025-10-25 23:51:34,677 INFO: Start creating customer [in z:\Work Files\Programming\adverstising2\app.py:47]
2025-10-25 23:51:34,678 WARNING: Attempt to create a client with an invalid date of birth. Message: Дата рождения не может быть в будущем [in z:\Work Files\Programming\adverstising2\app.py:71]
2025-10-25 23:51:34,704 INFO: Start creating customer [in z:\Work Files\Programming\adverstising2\app.py:47]
2025-10-25 23:51:34,704 WARNING: Attempt to create a client with an invalid phone number format. [in z:\Work Files\Programming\adverstising2\app.py:63]
2025-10-25 23:51:34,730 INFO: Start creating customer [in z:\Work Files\Programming\adverstising2\app.py:47]
2025-10-25 23:51:34,737 INFO: Service successfully created. ID: 1 [in z:\Work Files\Programming\adverstising2\app.py:98]
2025-10-25 23:51:34,779 INFO: Service successfully deleted. ID: 1. [in z:\Work Files\Programming\adverstising2\app.py:214]
2025-10-25 23:51:34,781 INFO: The page with the list of all clients has been loaded [in z:\Work Files\Programming\adverstising2\app.py:232]
2025-10-25 23:51:34,822 WARNING: Attempt to delete a customer associated with an order(s). ID: 1, Number of orders: 1. [in z:\Work Files\Programming\adverstising2\app.py:205]
2025-10-25 23:51:34,823 INFO: The page with the list of all clients has been loaded [in z:\Work Files\Programming\adverstising2\app.py:232]
2025-10-25 23:51:34,849 INFO: Health check - Logging is available. [in z:\Work Files\Programming\adverstising2\health_check_config.py:19]
2025-10-25 23:51:34,880 INFO: Start editing customer. ID: 1. [in z:\Work Files\Programming\adverstising2\app.py:128]
2025-10-25 23:51:34,882 WARNING: Attempt to send a customer with an existing phone number in the database. Phone number: 79007654321 [in z:\Work Files\Programming\adverstising2\app.py:163]
2025-10-25 23:51:34,915 INFO: Start editing customer. ID: 1. [in z:\Work Files\Programming\adverstising2\app.py:128]
2025-10-25 23:51:34,920 INFO: Customer successfully updated. ID: 1. [in z:\Work Files\Programming\adverstising2\app.py:179]
2025-10-26 00:19:43,151 INFO: The logger is configured. Logging level: INFO [in z:\Work Files\Programming\adverstising2\logger_config.py:26]
2025-10-26 00:19:43,199 INFO: Start creating customer [in z:\Work Files\Programming\adverstising2\app.py:47]
2025-10-26 00:19:43,199 WARNING: Attempt to create a customer with an empty name field. [in z:\Work Files\Programming\adverstising2\app.py:51]
2025-10-26 00:19:43,233 INFO: Start creating customer [in z:\Work Files\Programming\adverstising2\app.py:47]
2025-10-26 00:19:43,233 WARNING: Attempt to create a customer with an empty phone number field. [in z:\Work Files\Programming\adverstising2\app.py:57]
2025-10-26 00:19:43,271 INFO: Start creating customer [in z:\Work Files\Programming\adverstising2\app.py:47]
2025-10-26 00:19:43,275 WARNING: Attempt to create a client with an existing phone number in the database. Phone number: 79001234567 [in z:\Work Files\Programming\adverstising2\app.py:79]
2025-10-26 00:19:43,299 INFO: Start creating customer [in z:\Work Files\Programming\adverstising2\app.py:47]
2025-10-26 00:19:43,299 WARNING: Attempt to create a client with an invalid date of birth. Message: Дата рождения не может быть в будущем [in z:\Work Files\Programming\adverstising2\app.py:71]
2025-10-26 00:19:43,322 INFO: Start creating customer [in z:\Work Files\Programming\adverstising2\app.py:47]
2025-10-26 00:19:43,323 WARNING: Attempt to create a client with an invalid phone number format. [in z:\Work Files\Programming\adverstising2\app.py:63]
2025-10-26 00:19:43,346 INFO: Start creating customer [in z:\Work Files\Programming\adverstising2\app.py:47]
2025-10-26 00:19:43,353 INFO: Service successfully created. ID: 1 [in z:\Work Files\Programming\adverstising2\app.py:98]
2025-10-26 00:19:43,395 INFO: Service successfully deleted. ID: 1. [in z:\Work Files\Programming\adverstising2\app.py:214]
2025-10-26 00:19:43,398 INFO: The page with the list of all clients has been loaded [in z:\Work Files\Programming\adverstising2\app.py:232]
2025-10-26 00:19:43,436 WARNING: Attempt to delete a customer associated with an order(s). ID: 1, Number of orders: 1. [in z:\Work Files\Programming\adverstising2\app.py:205]
2025-10-26 00:19:43,438 INFO: The page with the list of all clients has been loaded [in z:\Work Files\Programming\adverstising2\app.py:232]
2025-10-26 00:19:43,463 INFO: Health check - Logging is available. [in z:\Work Files\Programming\adverstising2\health_check_config.py:19]
2025-10-26 00:19:43,495 INFO: Start editing customer. ID: 1. [in z:\Work Files\Programming\adverstising2\app.py:128]
2025-10-26 00:19:43,496 WARNING: Attempt to send a customer with an existing phone number in the database. Phone number: 79007654321 [in z:\Work Files\Programming\adverstising2\app.py:163]
2025-10-26 00:19:43,529 INFO: Start editing customer. ID: 1. [in z:\Work Files\Programming\adverstising2\app.py:128]
2025-10-26 00:19:43,535 INFO: Customer successfully updated. ID: 1. [in z:\Work Files\Programming\adverstising2\app.py:179]
2025-10-26 00:20:30,204 INFO: The logger is configured. Logging level: INFO [in z:\Work Files\Programming\adverstising2\logger_config.py:26]
2025-10-26 00:20:30,247 INFO: Start creating customer [in z:\Work Files\Programming\adverstising2\app.py:47]
2025-10-26 00:20:30,247 WARNING: Attempt to create a customer with an empty name field. [in z:\Work Files\Programming\adverstising2\app.py:51]
2025-10-26 00:20:30,282 INFO: Start creating customer [in z:\Work Files\Programming\adverstising2\app.py:47]
2025-10-26 00:20:30,282 WARNING: Attempt to create a customer with an empty phone number field. [in z:\Work Files\Programming\adverstising2\app.py:57]
2025-10-26 00:20:30,322 INFO: Start creating customer [in z:\Work Files\Programming\adverstising2\app.py:47]
2025-10-26 00:20:30,326 WARNING: Attempt to create a client with an existing phone number in the database. Phone number: 79001234567 [in z:\Work Files\Programming\adverstising2\app.py:79]
2025-10-26 00:20:30,352 INFO: Start creating customer [in z:\Work Files\Programming\adverstising2\app.py:47]
2025-10-26 00:20:30,352 WARNING: Attempt to create a client with an invalid date of birth. Message: Дата рождения не может быть в будущем [in z:\Work Files\Programming\adverstising2\app.py:71]
2025-10-26 00:20:30,377 INFO: Start creating customer [in z:\Work Files\Programming\adverstising2\app.py:47]
2025-10-26 00:20:30,378 WARNING: Attempt to create a client with an invalid phone number format. [in z:\Work Files\Programming\adverstising2\app.py:63]
2025-10-26 00:20:30,404 INFO: Start creating customer [in z:\Work Files\Programming\adverstising2\app.py:47]
2025-10-26 00:20:30,411 INFO: Service successfully created. ID: 1 [in z:\Work Files\Programming\adverstising2\app.py:98]
2025-10-26 00:20:30,456 INFO: Service successfully deleted. ID: 1. [in z:\Work Files\Programming\adverstising2\app.py:214]
2025-10-26 00:20:30,458 INFO: The page with the list of all clients has been loaded [in z:\Work Files\Programming\adverstising2\app.py:232]
2025-10-26 00:20:30,503 WARNING: Attempt to delete a customer associated with an order(s). ID: 1, Number of orders: 1. [in z:\Work Files\Programming\adverstising2\app.py:205]
2025-10-26 00:20:30,505 INFO: The page with the list of all clients has been loaded [in z:\Work Files\Programming\adverstising2\app.py:232]
2025-10-26 00:20:30,534 INFO: Health check - Logging is available. [in z:\Work Files\Programming\adverstising2\health_check_config.py:19]
2025-10-26 00:20:30,567 INFO: Start editing customer. ID: 1. [in z:\Work Files\Programming\adverstising2\app.py:128]
2025-10-26 00:20:30,568 WARNING: Attempt to send a customer with an existing phone number in the database. Phone number: 79007654321 [in z:\Work Files\Programming\adverstising2\app.py:163]
2025-10-26 00:20:30,605 INFO: Start editing customer. ID: 1. [in z:\Work Files\Programming\adverstising2\app.py:128]
2025-10-26 00:20:30,611 INFO: Customer successfully updated. ID: 1. [in z:\Work Files\Programming\adverstising2\app.py:179]
